This is pdfTeX, Version 3.1415926-2.3-1.40.12 (MiKTeX 2.9) (preloaded format=pdflatex 2011.12.17)  2 FEB 2013 02:29
entering extended mode
**C:/Users/Р”РёРјР°/Desktop/dp/start*2.tex
("C:/Users/Р”РёРјР°/Desktop/dp/start 2.tex"
LaTeX2e <2011/06/27>
Babel <v3.8m> and hyphenation patterns for english, afrikaans, ancientgreek, ar
abic, armenian, assamese, basque, bengali, bokmal, bulgarian, catalan, coptic, 
croatian, czech, danish, dutch, esperanto, estonian, farsi, finnish, french, ga
lician, german, german-x-2009-06-19, greek, gujarati, hindi, hungarian, iceland
ic, indonesian, interlingua, irish, italian, kannada, kurmanji, lao, latin, lat
vian, lithuanian, malayalam, marathi, mongolian, mongolianlmc, monogreek, ngerm
an, ngerman-x-2009-06-19, nynorsk, oriya, panjabi, pinyin, polish, portuguese, 
romanian, russian, sanskrit, serbian, slovak, slovenian, spanish, swedish, swis
sgerman, tamil, telugu, turkish, turkmen, ukenglish, ukrainian, uppersorbian, u
senglishmax, welsh, loaded.
("C:\Program Files (x86)\_Full_TeX\texmf\tex\latex\base\article.cls"
Document Class: article 2007/10/19 v1.4h Standard LaTeX document class
("C:\Program Files (x86)\_Full_TeX\texmf\tex\latex\base\size12.clo"
File: size12.clo 2007/10/19 v1.4h Standard LaTeX file (size option)
)
\c@part=\count79
\c@section=\count80
\c@subsection=\count81
\c@subsubsection=\count82
\c@paragraph=\count83
\c@subparagraph=\count84
\c@figure=\count85
\c@table=\count86
\abovecaptionskip=\skip41
\belowcaptionskip=\skip42
\bibindent=\dimen102
)
("C:\Program Files (x86)\_Full_TeX\texmf\tex\latex\tools\longtable.sty"
Package: longtable 2004/02/01 v4.11 Multi-page Table package (DPC)
\LTleft=\skip43
\LTright=\skip44
\LTpre=\skip45
\LTpost=\skip46
\LTchunksize=\count87
\LTcapwidth=\dimen103
\LT@head=\box26
\LT@firsthead=\box27
\LT@foot=\box28
\LT@lastfoot=\box29
\LT@cols=\count88
\LT@rows=\count89
\c@LT@tables=\count90
\c@LT@chunks=\count91
\LT@p@ftn=\toks14
)
("C:\Program Files (x86)\_Full_TeX\texmf\tex\latex\graphics\lscape.sty"
Package: lscape 2000/10/22 v3.01 Landscape Pages (DPC)

("C:\Program Files (x86)\_Full_TeX\texmf\tex\latex\graphics\graphics.sty"
Package: graphics 2009/02/05 v1.0o Standard LaTeX Graphics (DPC,SPQR)

("C:\Program Files (x86)\_Full_TeX\texmf\tex\latex\graphics\trig.sty"
Package: trig 1999/03/16 v1.09 sin cos tan (DPC)
)
("C:\Program Files (x86)\_Full_TeX\texmf\tex\latex\00miktex\graphics.cfg"
File: graphics.cfg 2007/01/18 v1.5 graphics configuration of teTeX/TeXLive
)
Package graphics Info: Driver file: pdftex.def on input line 91.

("C:\Program Files (x86)\_Full_TeX\texmf\tex\latex\pdftex-def\pdftex.def"
File: pdftex.def 2011/05/27 v0.06d Graphics/color for pdfTeX

("C:\Program Files (x86)\_Full_TeX\texmf\tex\generic\oberdiek\infwarerr.sty"
Package: infwarerr 2010/04/08 v1.3 Providing info/warning/message (HO)
)
("C:\Program Files (x86)\_Full_TeX\texmf\tex\generic\oberdiek\ltxcmds.sty"
Package: ltxcmds 2011/04/18 v1.20 LaTeX kernel commands for general use (HO)
)
\Gread@gobject=\count92
)))
("C:\Program Files (x86)\_Full_TeX\texmf\tex\latex\floatflt\floatflt.sty"
Package: floatflt 1997/07/16 v. 1.31
\c@OptionTest=\count93
\figbox=\box30
\tabbox=\box31
\pagebox=\box32
\ffigcount=\count94
\ftabcount=\count95
\fftest=\count96
\hangcount=\count97
\nosuccesstryfig=\count98
\nosuccesstrytab=\count99
\figgutter=\dimen104
\tabgutter=\dimen105
\htdone=\dimen106
\pageht=\dimen107
\startpageht=\dimen108
\tabbredd=\dimen109
\floatfltwidth=\dimen110
\fltitemwidth=\dimen111
\outputpretest=\toks15
)
("C:\Program Files (x86)\_Full_TeX\texmf\tex\latex\base\fontenc.sty"
Package: fontenc 2005/09/27 v1.99g Standard LaTeX package

("C:\Program Files (x86)\_Full_TeX\texmf\tex\latex\cyrillic\t2aenc.def"
File: t2aenc.def 2005/09/27 v1.0i Cyrillic encoding definition file
)
LaTeX Font Info:    Try loading font information for T2A+cmr on input line 100.


("C:\Program Files (x86)\_Full_TeX\texmf\tex\latex\cyrillic\t2acmr.fd"
File: t2acmr.fd 2001/08/11 v1.0a Computer Modern Cyrillic font definitions
))
("C:\Program Files (x86)\_Full_TeX\texmf\tex\latex\amsfonts\amssymb.sty"
Package: amssymb 2009/06/22 v3.00

("C:\Program Files (x86)\_Full_TeX\texmf\tex\latex\amsfonts\amsfonts.sty"
Package: amsfonts 2009/06/22 v3.00 Basic AMSFonts support
\@emptytoks=\toks16
\symAMSa=\mathgroup4
\symAMSb=\mathgroup5
LaTeX Font Info:    Overwriting math alphabet `\mathfrak' in version `bold'
(Font)                  U/euf/m/n --> U/euf/b/n on input line 96.
))
("C:\Program Files (x86)\_Full_TeX\texmf\tex\latex\ams\math\amsmath.sty"
Package: amsmath 2000/07/18 v2.13 AMS math features
\@mathmargin=\skip47

For additional information on amsmath, use the `?' option.
("C:\Program Files (x86)\_Full_TeX\texmf\tex\latex\ams\math\amstext.sty"
Package: amstext 2000/06/29 v2.01

("C:\Program Files (x86)\_Full_TeX\texmf\tex\latex\ams\math\amsgen.sty"
File: amsgen.sty 1999/11/30 v2.0
\@emptytoks=\toks17
\ex@=\dimen112
))
("C:\Program Files (x86)\_Full_TeX\texmf\tex\latex\ams\math\amsbsy.sty"
Package: amsbsy 1999/11/29 v1.2d
\pmbraise@=\dimen113
)
("C:\Program Files (x86)\_Full_TeX\texmf\tex\latex\ams\math\amsopn.sty"
Package: amsopn 1999/12/14 v2.01 operator names
)
\inf@bad=\count100
LaTeX Info: Redefining \frac on input line 211.
\uproot@=\count101
\leftroot@=\count102
LaTeX Info: Redefining \overline on input line 307.
\classnum@=\count103
\DOTSCASE@=\count104
LaTeX Info: Redefining \ldots on input line 379.
LaTeX Info: Redefining \dots on input line 382.
LaTeX Info: Redefining \cdots on input line 467.
\Mathstrutbox@=\box33
\strutbox@=\box34
\big@size=\dimen114
LaTeX Font Info:    Redeclaring font encoding OML on input line 567.
LaTeX Font Info:    Redeclaring font encoding OMS on input line 568.
\macc@depth=\count105
\c@MaxMatrixCols=\count106
\dotsspace@=\muskip10
\c@parentequation=\count107
\dspbrk@lvl=\count108
\tag@help=\toks18
\row@=\count109
\column@=\count110
\maxfields@=\count111
\andhelp@=\toks19
\eqnshift@=\dimen115
\alignsep@=\dimen116
\tagshift@=\dimen117
\tagwidth@=\dimen118
\totwidth@=\dimen119
\lineht@=\dimen120
\@envbody=\toks20
\multlinegap=\skip48
\multlinetaggap=\skip49
\mathdisplay@stack=\toks21
LaTeX Info: Redefining \[ on input line 2666.
LaTeX Info: Redefining \] on input line 2667.
)
("C:\Program Files (x86)\_Full_TeX\texmf\tex\latex\t2\mathtext.sty"
Package: mathtext 1999/01/28 v1.0 transparent text-and-math defs
LaTeX Info: Redefining \halign on input line 111.
)
("C:\Program Files (x86)\_Full_TeX\texmf\tex\latex\cite\cite.sty"
LaTeX Info: Redefining \cite on input line 302.
LaTeX Info: Redefining \nocite on input line 373.
Package: cite 2010/09/10  v 5.3
)
("C:\Program Files (x86)\_Full_TeX\texmf\tex\latex\tools\enumerate.sty"
Package: enumerate 1999/03/05 v3.00 enumerate extensions (DPC)
\@enLab=\toks22
)
("C:\Program Files (x86)\_Full_TeX\texmf\tex\generic\babel\babel.sty"
Package: babel 2008/07/08 v3.8m The Babel package

*************************************
* Local config file bblopts.cfg used
*
("C:\Program Files (x86)\_Full_TeX\texmf\tex\latex\00miktex\bblopts.cfg"
File: bblopts.cfg 2006/07/31 v1.0 MiKTeX 'babel' configuration
)
("C:\Program Files (x86)\_Full_TeX\texmf\tex\generic\babel\english.ldf"
Language: english 2005/03/30 v3.3o English support from the babel system

("C:\Program Files (x86)\_Full_TeX\texmf\tex\generic\babel\babel.def"
File: babel.def 2008/07/08 v3.8m Babel common definitions
\babel@savecnt=\count112
\U@D=\dimen121
)
\l@canadian = a dialect from \language\l@american 
\l@australian = a dialect from \language\l@british 
\l@newzealand = a dialect from \language\l@british 
)
("C:\Program Files (x86)\_Full_TeX\texmf\tex\generic\babel\russianb.ldf"
Language: russianb 2008/03/21 v1.1r Russian support from the babel system


Package babel Warning: No input encoding specified for Russian language on inpu
t line 136.

Package babel Info: Making " an active character on input line 199.
)) ("C:\Program Files (x86)\_Full_TeX\texmf\tex\latex\float\float.sty"
Package: float 2001/11/08 v1.3d Float enhancements (AL)
\c@float@type=\count113
\float@exts=\toks23
\float@box=\box35
\@float@everytoks=\toks24
\@floatcapt=\box36
)
("C:\Program Files (x86)\_Full_TeX\texmf\tex\latex\graphics\graphicx.sty"
Package: graphicx 1999/02/16 v1.0f Enhanced LaTeX Graphics (DPC,SPQR)

("C:\Program Files (x86)\_Full_TeX\texmf\tex\latex\graphics\keyval.sty"
Package: keyval 1999/03/16 v1.13 key=value parser (DPC)
\KV@toks@=\toks25
)
\Gin@req@height=\dimen122
\Gin@req@width=\dimen123
)
("C:\Program Files (x86)\_Full_TeX\texmf\tex\latex\base\inputenc.sty"
Package: inputenc 2008/03/30 v1.1d Input encoding file
\inpenc@prehook=\toks26
\inpenc@posthook=\toks27

("C:\Program Files (x86)\_Full_TeX\texmf\tex\latex\cyrillic\cp1251.def"
File: cp1251.def 1999/11/16 v1.0d Input encoding file
))
("C:\Program Files (x86)\_Full_TeX\texmf\tex\latex\moreverb\moreverb.sty"
Package: moreverb 2008/06/03 v2.3a `more' verbatim facilities

("C:\Program Files (x86)\_Full_TeX\texmf\tex\latex\tools\verbatim.sty"
Package: verbatim 2003/08/22 v1.5q LaTeX2e package for verbatim enhancements
\every@verbatim=\toks28
\verbatim@line=\toks29
\verbatim@in@stream=\read1
)
\tab@position=\count114
\tab@size=\count115
\listing@line=\count116
)
("C:\Program Files (x86)\_Full_TeX\texmf\tex\latex\listings\listings.sty"
\lst@mode=\count117
\lst@gtempboxa=\box37
\lst@token=\toks30
\lst@length=\count118
\lst@currlwidth=\dimen124
\lst@column=\count119
\lst@pos=\count120
\lst@lostspace=\dimen125
\lst@width=\dimen126
\lst@newlines=\count121
\lst@lineno=\count122
\lst@maxwidth=\dimen127

("C:\Program Files (x86)\_Full_TeX\texmf\tex\latex\listings\lstmisc.sty"
File: lstmisc.sty 2007/02/22 1.4 (Carsten Heinz)
\c@lstnumber=\count123
\lst@skipnumbers=\count124
\lst@framebox=\box38
)
("C:\Program Files (x86)\_Full_TeX\texmf\tex\latex\listings\listings.cfg"
File: listings.cfg 2007/02/22 1.4 listings configuration
))
Package: listings 2007/02/22 1.4 (Carsten Heinz)

("C:\Program Files (x86)\_Full_TeX\texmf\tex\latex\listings\lstlang1.sty"
File: lstlang1.sty 2004/09/05 1.3 listings language file
)
("C:\Program Files (x86)\_Full_TeX\texmf\tex\latex\graphics\color.sty"
Package: color 2005/11/14 v1.0j Standard LaTeX Color (DPC)

("C:\Program Files (x86)\_Full_TeX\texmf\tex\latex\00miktex\color.cfg"
File: color.cfg 2007/01/18 v1.5 color configuration of teTeX/TeXLive
)
Package color Info: Driver file: pdftex.def on input line 130.
)
("C:\Program Files (x86)\_Full_TeX\texmf\tex\latex\base\textcomp.sty"
Package: textcomp 2005/09/27 v1.99g Standard LaTeX package
Package textcomp Info: Sub-encoding information:
(textcomp)               5 = only ISO-Adobe without \textcurrency
(textcomp)               4 = 5 + \texteuro
(textcomp)               3 = 4 + \textohm
(textcomp)               2 = 3 + \textestimated + \textcurrency
(textcomp)               1 = TS1 - \textcircled - \t
(textcomp)               0 = TS1 (full)
(textcomp)             Font families with sub-encoding setting implement
(textcomp)             only a restricted character set as indicated.
(textcomp)             Family '?' is the default used for unknown fonts.
(textcomp)             See the documentation for details.
Package textcomp Info: Setting ? sub-encoding to TS1/1 on input line 71.

("C:\Program Files (x86)\_Full_TeX\texmf\tex\latex\base\ts1enc.def"
File: ts1enc.def 2001/06/05 v3.0e (jk/car/fm) Standard LaTeX file
\symTS1letters=\mathgroup6
)
LaTeX Info: Redefining \oldstylenums on input line 266.
Package textcomp Info: Setting cmr sub-encoding to TS1/0 on input line 281.
Package textcomp Info: Setting cmss sub-encoding to TS1/0 on input line 282.
Package textcomp Info: Setting cmtt sub-encoding to TS1/0 on input line 283.
Package textcomp Info: Setting cmvtt sub-encoding to TS1/0 on input line 284.
Package textcomp Info: Setting cmbr sub-encoding to TS1/0 on input line 285.
Package textcomp Info: Setting cmtl sub-encoding to TS1/0 on input line 286.
Package textcomp Info: Setting ccr sub-encoding to TS1/0 on input line 287.
Package textcomp Info: Setting ptm sub-encoding to TS1/4 on input line 288.
Package textcomp Info: Setting pcr sub-encoding to TS1/4 on input line 289.
Package textcomp Info: Setting phv sub-encoding to TS1/4 on input line 290.
Package textcomp Info: Setting ppl sub-encoding to TS1/3 on input line 291.
Package textcomp Info: Setting pag sub-encoding to TS1/4 on input line 292.
Package textcomp Info: Setting pbk sub-encoding to TS1/4 on input line 293.
Package textcomp Info: Setting pnc sub-encoding to TS1/4 on input line 294.
Package textcomp Info: Setting pzc sub-encoding to TS1/4 on input line 295.
Package textcomp Info: Setting bch sub-encoding to TS1/4 on input line 296.
Package textcomp Info: Setting put sub-encoding to TS1/5 on input line 297.
Package textcomp Info: Setting uag sub-encoding to TS1/5 on input line 298.
Package textcomp Info: Setting ugq sub-encoding to TS1/5 on input line 299.
Package textcomp Info: Setting ul8 sub-encoding to TS1/4 on input line 300.
Package textcomp Info: Setting ul9 sub-encoding to TS1/4 on input line 301.
Package textcomp Info: Setting augie sub-encoding to TS1/5 on input line 302.
Package textcomp Info: Setting dayrom sub-encoding to TS1/3 on input line 303.
Package textcomp Info: Setting dayroms sub-encoding to TS1/3 on input line 304.

Package textcomp Info: Setting pxr sub-encoding to TS1/0 on input line 305.
Package textcomp Info: Setting pxss sub-encoding to TS1/0 on input line 306.
Package textcomp Info: Setting pxtt sub-encoding to TS1/0 on input line 307.
Package textcomp Info: Setting txr sub-encoding to TS1/0 on input line 308.
Package textcomp Info: Setting txss sub-encoding to TS1/0 on input line 309.
Package textcomp Info: Setting txtt sub-encoding to TS1/0 on input line 310.
Package textcomp Info: Setting lmr sub-encoding to TS1/0 on input line 311.
Package textcomp Info: Setting lmdh sub-encoding to TS1/0 on input line 312.
Package textcomp Info: Setting lmss sub-encoding to TS1/0 on input line 313.
Package textcomp Info: Setting lmssq sub-encoding to TS1/0 on input line 314.
Package textcomp Info: Setting lmvtt sub-encoding to TS1/0 on input line 315.
Package textcomp Info: Setting qhv sub-encoding to TS1/0 on input line 316.
Package textcomp Info: Setting qag sub-encoding to TS1/0 on input line 317.
Package textcomp Info: Setting qbk sub-encoding to TS1/0 on input line 318.
Package textcomp Info: Setting qcr sub-encoding to TS1/0 on input line 319.
Package textcomp Info: Setting qcs sub-encoding to TS1/0 on input line 320.
Package textcomp Info: Setting qpl sub-encoding to TS1/0 on input line 321.
Package textcomp Info: Setting qtm sub-encoding to TS1/0 on input line 322.
Package textcomp Info: Setting qzc sub-encoding to TS1/0 on input line 323.
Package textcomp Info: Setting qhvc sub-encoding to TS1/0 on input line 324.
Package textcomp Info: Setting futs sub-encoding to TS1/4 on input line 325.
Package textcomp Info: Setting futx sub-encoding to TS1/4 on input line 326.
Package textcomp Info: Setting futj sub-encoding to TS1/4 on input line 327.
Package textcomp Info: Setting hlh sub-encoding to TS1/3 on input line 328.
Package textcomp Info: Setting hls sub-encoding to TS1/3 on input line 329.
Package textcomp Info: Setting hlst sub-encoding to TS1/3 on input line 330.
Package textcomp Info: Setting hlct sub-encoding to TS1/5 on input line 331.
Package textcomp Info: Setting hlx sub-encoding to TS1/5 on input line 332.
Package textcomp Info: Setting hlce sub-encoding to TS1/5 on input line 333.
Package textcomp Info: Setting hlcn sub-encoding to TS1/5 on input line 334.
Package textcomp Info: Setting hlcw sub-encoding to TS1/5 on input line 335.
Package textcomp Info: Setting hlcf sub-encoding to TS1/5 on input line 336.
Package textcomp Info: Setting pplx sub-encoding to TS1/3 on input line 337.
Package textcomp Info: Setting pplj sub-encoding to TS1/3 on input line 338.
Package textcomp Info: Setting ptmx sub-encoding to TS1/4 on input line 339.
Package textcomp Info: Setting ptmj sub-encoding to TS1/4 on input line 340.
)
("C:\Program Files (x86)\_Full_TeX\texmf\tex\latex\listings\lstlang1.sty"
File: lstlang1.sty 2004/09/05 1.3 listings language file
)
("C:\Program Files (x86)\_Full_TeX\texmf\tex\latex\listings\lstlang1.sty"
File: lstlang1.sty 2004/09/05 1.3 listings language file
)
("C:\Program Files (x86)\_Full_TeX\texmf\tex\latex\listings\lstmisc.sty"
File: lstmisc.sty 2007/02/22 1.4 (Carsten Heinz)
)
("C:\Users\Р”РёРјР°\Desktop\dp\start 2.aux")
LaTeX Font Info:    Checking defaults for OML/cmm/m/it on input line 60.
LaTeX Font Info:    ... okay on input line 60.
LaTeX Font Info:    Checking defaults for T1/cmr/m/n on input line 60.
LaTeX Font Info:    ... okay on input line 60.
LaTeX Font Info:    Checking defaults for OT1/cmr/m/n on input line 60.
LaTeX Font Info:    ... okay on input line 60.
LaTeX Font Info:    Checking defaults for OMS/cmsy/m/n on input line 60.
LaTeX Font Info:    ... okay on input line 60.
LaTeX Font Info:    Checking defaults for OMX/cmex/m/n on input line 60.
LaTeX Font Info:    ... okay on input line 60.
LaTeX Font Info:    Checking defaults for U/cmr/m/n on input line 60.
LaTeX Font Info:    ... okay on input line 60.
LaTeX Font Info:    Checking defaults for T2A/cmr/m/n on input line 60.
LaTeX Font Info:    ... okay on input line 60.
LaTeX Font Info:    Checking defaults for TS1/cmr/m/n on input line 60.
LaTeX Font Info:    Try loading font information for TS1+cmr on input line 60.

("C:\Program Files (x86)\_Full_TeX\texmf\tex\latex\base\ts1cmr.fd"
File: ts1cmr.fd 1999/05/25 v2.5h Standard LaTeX font definitions
)
LaTeX Font Info:    ... okay on input line 60.

("C:\Program Files (x86)\_Full_TeX\texmf\tex\context\base\supp-pdf.mkii"
[Loading MPS to PDF converter (version 2006.09.02).]
\scratchcounter=\count125
\scratchdimen=\dimen128
\scratchbox=\box39
\nofMPsegments=\count126
\nofMParguments=\count127
\everyMPshowfont=\toks31
\MPscratchCnt=\count128
\MPscratchDim=\dimen129
\MPnumerator=\count129
\makeMPintoPDFobject=\count130
\everyMPtoPDFconversion=\toks32
)
\c@lstlisting=\count131
 [1

{C:/Program Files (x86)/_Full_TeX/texmf/pdftex/config/pdftex.map}] [2]
[3] [4]
Overfull \hbox (1.36621pt too wide) in paragraph at lines 162--163
\T2A/cmr/m/n/12 Существует воз-мож-ность ис-поль-зо-вать стан-дарт-ные сред-ств
а ауди-та та-ких СУБД как: Oracle,
 []


Overfull \hbox (0.23206pt too wide) in paragraph at lines 171--173
[]\T2A/cmr/m/n/12 Аудиторские пред-став-ле-ния поз-во-ля-ют за-пра-ши-вать до-с
ту-пы к таб-ли-це Таб-ли-ца1 по поль-
 []

[5] [6]
Overfull \hbox (0.88463pt too wide) in paragraph at lines 224--228
[]\T2A/cmr/m/n/12 Можно обес-пе-чить до-пол-ни-тель-ную за-щи-ту от несанк-ци-о
-ни-ро-ван-но-го до-сту-па пу-тем шиф-
 []

[7]
Overfull \hbox (12.47372pt too wide) in paragraph at lines 263--266
[]\T2A/cmr/m/n/12 CREATE server audit ServerAudit TO FILE (filepath = `D:`, max
size = 1GB) WITH (on_failture
 []


Underfull \hbox (badness 10000) in paragraph at lines 300--300
[]|\T2A/cmr/m/n/12 Microsoft SQL
 []


Underfull \hbox (badness 1789) in paragraph at lines 302--302
[]|\T2A/cmr/m/n/12 Поддерживаемые опе-ра-ци-
 []


Underfull \hbox (badness 10000) in paragraph at lines 302--302
[]|\T2A/cmr/m/n/12 Windows
 []


Underfull \hbox (badness 10000) in paragraph at lines 302--302
[]|\T2A/cmr/m/n/12 Windows
 []


Underfull \hbox (badness 10000) in paragraph at lines 302--302
\T2A/cmr/m/n/12 Desktop/Server
 []


Underfull \hbox (badness 10000) in paragraph at lines 302--303
[]|\T2A/cmr/m/n/12 Windows1
 []


Underfull \hbox (badness 10000) in paragraph at lines 302--303
\T2A/cmr/m/n/12 Desktop/S22erver,
 []


Underfull \hbox (badness 10000) in paragraph at lines 305--305
[]|\T2A/cmr/m/n/12 Коммерческий
 []


Underfull \hbox (badness 10000) in paragraph at lines 305--305
\T2A/cmr/m/n/12 тым ис-ход-ным
 []


Underfull \hbox (badness 2680) in paragraph at lines 305--305
\T2A/cmr/m/n/12 ко-дом. Есть бес-
 []


Underfull \hbox (badness 5592) in paragraph at lines 305--305
\T2A/cmr/m/n/12 ра-тив-ной па-мя-ти
 []


Underfull \hbox (badness 10000) in paragraph at lines 305--305
[]|\T2A/cmr/m/n/12 Коммерческая
 []


Underfull \hbox (badness 1371) in paragraph at lines 305--305
\T2A/cmr/m/n/12 ли-цен-зия и GNU
 []


Underfull \hbox (badness 10000) in paragraph at lines 305--307
[]|\T2A/cmr/m/n/12 Лицензия BSD
 []


Underfull \hbox (badness 10000) in paragraph at lines 308--308
[]|\T2A/cmr/m/n/12 Наличие пред-уста-нов-
 []


Underfull \hbox (badness 4217) in paragraph at lines 308--308
\T2A/cmr/m/n/12 лен-ных драй-ве-ров в ОС
 []


Underfull \hbox (badness 10000) in paragraph at lines 316--316
[]|\T2A/cmr/m/n/12 Да (SQL
 []


Underfull \hbox (badness 10000) in paragraph at lines 316--316
\T2A/cmr/m/n/12 Management
 []


Underfull \hbox (badness 10000) in paragraph at lines 316--316
\T2A/cmr/m/n/12 Studio и Studio
 []


Underfull \hbox (badness 10000) in paragraph at lines 319--319
[]|\T2A/cmr/m/n/12 Да (на-зы-ва-ют-ся
 []


Underfull \hbox (badness 10000) in paragraph at lines 319--319
\T2A/cmr/m/n/12 филь-тро-ван-ные
 []


Underfull \hbox (badness 10000) in paragraph at lines 321--321
[]|\T2A/cmr/m/n/12 Поддержка фун-ци-о-наль-
 []


Underfull \hbox (badness 10000) in paragraph at lines 323--323
[]|\T2A/cmr/m/n/12 Поддержка ACID-
 []


Underfull \hbox (badness 2644) in paragraph at lines 329--329
\T2A/cmr/m/n/12 мые функ-ции на раз-ных
 []


Underfull \hbox (badness 3954) in paragraph at lines 329--329
[]|\T2A/cmr/m/n/12 Да, тео-ре-ти-че-ски
 []


Underfull \hbox (badness 1715) in paragraph at lines 329--329
\T2A/cmr/m/n/12 на лю-бом язы-ке,
 []


Underfull \hbox (badness 10000) in paragraph at lines 329--329
\T2A/cmr/m/n/12 под-дер-жи-ва-ю-щим
 []


Underfull \hbox (badness 2197) in paragraph at lines 329--329
[]|\T2A/cmr/m/n/12 Нет (кро-ме C и
 []


Underfull \hbox (badness 10000) in paragraph at lines 331--331
[]|\T2A/cmr/m/n/12 Возможность со-зда-вать
 []


Underfull \hbox (badness 6141) in paragraph at lines 331--331
\T2A/cmr/m/n/12 поль-зо-ва-тель-ские аг-г-ре-ги-
 []


Underfull \hbox (badness 10000) in paragraph at lines 331--331
[]|\T2A/cmr/m/n/12 Да  лю-бой
 []


Underfull \hbox (badness 10000) in paragraph at lines 331--333
[]|\T2A/cmr/m/n/12 Да  на PL
 []


Underfull \hbox (badness 10000) in paragraph at lines 331--333
\T2A/cmr/m/n/12 ен-ных C, SQL,
 []


Underfull \hbox (badness 4518) in paragraph at lines 336--336
[]|\T2A/cmr/m/n/12 Да (в Enterprise
 []


Underfull \hbox (badness 10000) in paragraph at lines 338--338
[]|\T2A/cmr/m/n/12 Возможность со-зда-вать
 []


Underfull \hbox (badness 10000) in paragraph at lines 338--338
\T2A/cmr/m/n/12 функ-ции, воз-вра-ща-ю-щие
 []


Underfull \hbox (badness 10000) in paragraph at lines 338--338
\T2A/cmr/m/n/12 ко-то-рые мож-но ис-поль-
 []


Underfull \hbox (badness 8038) in paragraph at lines 338--338
\T2A/cmr/m/n/12 зо-вать в сек-ции FROM
 []


Underfull \hbox (badness 10000) in paragraph at lines 342--343
[]|\T2A/cmr/m/n/12 Да (с по-мо-
 []


Underfull \hbox (badness 10000) in paragraph at lines 342--343
\T2A/cmr/m/n/12 щью CREATE
 []


Underfull \hbox (badness 1789) in paragraph at lines 344--344
[]|\T2A/cmr/m/n/12 Поддержка ди-на-ми-че-ско-го
 []


Underfull \hbox (badness 10000) in paragraph at lines 346--346
[]|\T2A/cmr/m/n/12 Да (SQL
 []


Underfull \hbox (badness 10000) in paragraph at lines 346--346
\T2A/cmr/m/n/12 Management
 []


Underfull \hbox (badness 2486) in paragraph at lines 348--348
\T2A/cmr/m/n/12 для Express вер-
 []


Underfull \hbox (badness 8113) in paragraph at lines 348--348
[]|\T2A/cmr/m/n/12 Да (толь-ко для
 []


Underfull \hbox (badness 2020) in paragraph at lines 352--352
[]|\T2A/cmr/m/n/12 Чувствительность к ре-ги-
 []


Underfull \hbox (badness 10000) in paragraph at lines 356--357
\T2A/cmr/m/n/12 то-дов, вклю-ча-ю-
 []


Underfull \hbox (badness 4660) in paragraph at lines 358--358
[]|\T2A/cmr/m/n/12 Разграничение до-сту-па к
 []


Underfull \hbox (badness 10000) in paragraph at lines 360--360
[]|\T2A/cmr/m/n/12 Поддержка ре-кур-сив-ных
 []


Underfull \hbox (badness 10000) in paragraph at lines 362--362
[]|\T2A/cmr/m/n/12 Поддержка
 []


Underfull \hbox (badness 10000) in paragraph at lines 362--362
\T2A/cmr/m/n/12 COUNT(DISTINCT),
 []


Underfull \hbox (badness 10000) in paragraph at lines 368--368
[]|\T2A/cmr/m/n/12 Поддержка функ-ций
 []


Underfull \hbox (badness 10000) in paragraph at lines 370--370
[]|\T2A/cmr/m/n/12 Поддержка LIMIT ..
 []


Underfull \hbox (badness 10000) in paragraph at lines 372--372
[]|\T2A/cmr/m/n/12 Да (тех-нол-гия
 []


Underfull \hbox (badness 10000) in paragraph at lines 374--374
[]|\T2A/cmr/m/n/12 Да (тех-нол-гия
 []


Underfull \hbox (badness 10000) in paragraph at lines 380--380
[]|\T2A/cmr/m/n/12 Производительность пла-
 []


Underfull \hbox (badness 7308) in paragraph at lines 380--380
\T2A/cmr/m/n/12 ни-ров-щи-ка за-про-сов для
 []


Underfull \hbox (badness 10000) in paragraph at lines 380--380
[]|\T2A/cmr/m/n/12 Средняя (уме-ет
 []


Underfull \hbox (badness 10000) in paragraph at lines 380--380
\T2A/cmr/m/n/12 па-рал-лель-ные
 []


Underfull \hbox (badness 10000) in paragraph at lines 380--380
\T2A/cmr/m/n/12 за-про-сы ѕиз
 []


Underfull \hbox (badness 10000) in paragraph at lines 380--381
[]|\T2A/cmr/m/n/12 Очень хо-ро-шая
 []

[8] [9]
Underfull \hbox (badness 5878) in paragraph at lines 384--384
\T2A/cmr/m/n/12 но-стей и ав-то-ма-ти-че-ской
 []


Underfull \hbox (badness 10000) in paragraph at lines 386--386
[]|\T2A/cmr/m/n/12 Возможность от-ка-тить
 []

[10] [11] <DeploymentDiagram.jpg, id=40, 442.07713pt x 245.2567pt>
File: DeploymentDiagram.jpg Graphic file (type jpg)

<use DeploymentDiagram.jpg>
Package pdftex.def Info: DeploymentDiagram.jpg used on input line 421.
(pdftex.def)             Requested size: 500.0pt x 277.39879pt.
 [12]
<DeploymentDiagram1.jpg, id=44, 479.74979pt x 455.14723pt>
File: DeploymentDiagram1.jpg Graphic file (type jpg)

<use DeploymentDiagram1.jpg>
Package pdftex.def Info: DeploymentDiagram1.jpg used on input line 431.
(pdftex.def)             Requested size: 500.0pt x 474.38368pt.
 [13 <C:/Users/Р”РёРјР°/Desktop/dp/DeploymentDiagram.jpg>] <DeploymentDiagram2.
jpg, id=49, 770.36745pt x 417.47458pt>
File: DeploymentDiagram2.jpg Graphic file (type jpg)

<use DeploymentDiagram2.jpg>
Package pdftex.def Info: DeploymentDiagram2.jpg used on input line 442.
(pdftex.def)             Requested size: 500.0pt x 270.9603pt.
 [14 <C:/Users/Р”РёРјР°/Desktop/dp/DeploymentDiagram1.jpg>] <DeploymentDiagram3
.jpg, id=53, 766.5233pt x 490.5134pt>
File: DeploymentDiagram3.jpg Graphic file (type jpg)

<use DeploymentDiagram3.jpg>
Package pdftex.def Info: DeploymentDiagram3.jpg used on input line 452.
(pdftex.def)             Requested size: 500.0pt x 319.96759pt.

Overfull \hbox (8.71303pt too wide) in paragraph at lines 447--456
\T2A/cmr/m/n/12 диа-грам-мы. До-пол-не-ние: есть со-еди-не-ние меж-ду уз-лом - 
сер-вер при-ло-же-ний (ApplicationServer)
 []

[15 <C:/Users/Р”РёРјР°/Desktop/dp/DeploymentDiagram2.jpg>]
<AD_ADPS.jpg, id=57, 811.03pt x 1236.62pt>
File: AD_ADPS.jpg Graphic file (type jpg)
 <use AD_ADPS.jpg>
Package pdftex.def Info: AD_ADPS.jpg used on input line 464.
(pdftex.def)             Requested size: 441.01772pt x 672.46332pt.
 [16 <C:/Users/Р”РёРјР°/Desktop/dp/DeploymentDiagram3.jpg>] [17 <C:/Users/Р”РёР
јР°/Desktop/dp/AD_ADPS.jpg>] [18] ("C:\Users\Р”РёРјР°\Desktop\dp\start 2.aux") 
) 
Here is how much of TeX's memory you used:
 5335 strings out of 494045
 72320 string characters out of 3143962
 184733 words of memory out of 3000000
 8546 multiletter control sequences out of 15000+200000
 7521 words of font info for 20 fonts, out of 3000000 for 9000
 715 hyphenation exceptions out of 8191
 40i,7n,67p,1972b,274s stack positions out of 5000i,500n,10000p,200000b,50000s
{C:/Program Files (x86)/_Full_TeX/texmf/fonts/enc/dvips/cm-super/cm-super-ts1.
enc}{C:/Program Files (x86)/_Full_TeX/texmf/fonts/enc/dvips/cm-super/cm-super-t
2a.enc}<C:/Program Files (x86)/_Full_TeX/texmf/fonts/type1/public/cm-super/sfbx
1200.pfb><C:/Program Files (x86)/_Full_TeX/texmf/fonts/type1/public/cm-super/sf
bx1728.pfb><C:/Program Files (x86)/_Full_TeX/texmf/fonts/type1/public/cm-super/
sfrm1200.pfb>
Output written on "start 2.pdf" (18 pages, 890299 bytes).
PDF statistics:
 81 PDF objects out of 1000 (max. 8388607)
 0 named destinations out of 1000 (max. 500000)
 26 words of extra memory for PDF output out of 10000 (max. 10000000)

